build/app/intermediates/manifest_merge_blame_file/debug/manifest-merger-blame-debug-report.txt
1<?xml version="1.0" encoding="utf-8"?>
2<manifest xmlns:android="http://schemas.android.com/apk/res/android"
3    package="codehub.oral_fit"
4    android:versionCode="1"
5    android:versionName="1.0.0" >
6
7    <uses-sdk
8        android:minSdkVersion="20"
9        android:targetSdkVersion="31" />
10    <!--
11         Flutter needs it to communicate with the running application
12         to allow setting breakpoints, to provide hot reload, etc.
13    -->
14    <uses-permission android:name="android.permission.INTERNET" />
14-->src/debug/AndroidManifest.xml:6:5-66
14-->src/debug/AndroidManifest.xml:6:22-64
15    <uses-permission android:name="android.permission.CAMERA" />
15-->src/main/AndroidManifest.xml:3:4-64
15-->src/main/AndroidManifest.xml:3:21-61
16    <uses-permission android:name="android.permission.WRITE_EXTERNAL_STORAGE" />
16-->src/main/AndroidManifest.xml:4:4-79
16-->src/main/AndroidManifest.xml:4:21-77
17    <uses-permission android:name="android.permission.READ_EXTERNAL_STORAGE" />
17-->src/main/AndroidManifest.xml:5:4-78
17-->src/main/AndroidManifest.xml:5:21-76
18    <uses-permission android:name="android.permission.ACCESS_FINE_LOCATION" />
18-->src/main/AndroidManifest.xml:6:4-78
18-->src/main/AndroidManifest.xml:6:21-75
19    <uses-permission android:name="android.permission.ACCESS_COARSE_LOCATION" />
19-->src/main/AndroidManifest.xml:7:4-80
19-->src/main/AndroidManifest.xml:7:21-77
20    <uses-permission android:name="android.permission.ACCESS_BACKGROUND_LOCATION" />
20-->src/main/AndroidManifest.xml:8:4-84
20-->src/main/AndroidManifest.xml:8:21-81
21    <uses-permission android:name="android.permission.VIBRATE" />
21-->[:qrscan] AndroidManifest.xml:8:5-66
21-->[:qrscan] AndroidManifest.xml:8:22-63
22    <uses-permission android:name="android.permission.FLASHLIGHT" />
22-->[:qrscan] AndroidManifest.xml:9:5-69
22-->[:qrscan] AndroidManifest.xml:9:22-66
23
24    <uses-feature android:name="android.hardware.camera" />
24-->[:qrscan] AndroidManifest.xml:11:5-60
24-->[:qrscan] AndroidManifest.xml:11:19-57
25    <uses-feature android:name="android.hardware.camera.autofocus" />
25-->[:qrscan] AndroidManifest.xml:12:5-70
25-->[:qrscan] AndroidManifest.xml:12:19-67
26
27    <uses-permission android:name="android.permission.WAKE_LOCK" />
27-->[:qrscan] AndroidManifest.xml:14:5-68
27-->[:qrscan] AndroidManifest.xml:14:22-65
28
29    <application
30        android:name="android.app.Application"
31        android:allowBackup="true"
31-->[:qrscan] AndroidManifest.xml:20:9-35
32        android:appComponentFactory="androidx.core.app.CoreComponentFactory"
32-->[androidx.core:core:1.6.0] AndroidManifest.xml:24:18-86
33        android:configChanges="orientation|keyboardHidden"
33-->[:qrscan] AndroidManifest.xml:21:9-59
34        android:debuggable="true"
35        android:icon="@mipmap/ic_launcher"
36        android:label="oral_fit"
37        android:screenOrientation="portrait"
37-->[:qrscan] AndroidManifest.xml:23:9-45
38        android:supportsRtl="true"
38-->[:qrscan] AndroidManifest.xml:24:9-35
39        android:theme="@style/Theme.AppCompat.NoActionBar"
39-->[:qrscan] AndroidManifest.xml:25:9-59
40        android:windowSoftInputMode="stateAlwaysHidden" >
40-->[:qrscan] AndroidManifest.xml:26:9-56
41        <activity
42            android:name="codehub.oral_fit.MainActivity"
43            android:configChanges="orientation|keyboardHidden|keyboard|screenSize|smallestScreenSize|locale|layoutDirection|fontScale|screenLayout|density|uiMode"
44            android:exported="true"
45            android:hardwareAccelerated="true"
46            android:launchMode="singleTop"
47            android:theme="@style/LaunchTheme"
48            android:windowSoftInputMode="adjustResize" >
49
50            <!--
51                 Specifies an Android theme to apply to this Activity as soon as
52                 the Android process has started. This theme is visible to the user
53                 while the Flutter UI initializes. After that, this theme continues
54                 to determine the Window background behind the Flutter UI.
55            -->
56            <meta-data
57                android:name="io.flutter.embedding.android.NormalTheme"
58                android:resource="@style/NormalTheme" />
59
60            <intent-filter>
61                <action android:name="android.intent.action.MAIN" />
62
63                <category android:name="android.intent.category.LAUNCHER" />
64            </intent-filter>
65        </activity>
66        <!--
67             Don't delete the meta-data below.
68             This is used by the Flutter tool to generate GeneratedPluginRegistrant.java
69        -->
70        <meta-data
71            android:name="flutterEmbedding"
72            android:value="2" />
73
74        <activity android:name="com.shinow.qrscan.SecondActivity" />
74-->[:qrscan] AndroidManifest.xml:27:9-69
74-->[:qrscan] AndroidManifest.xml:27:19-66
75
76        <uses-library
76-->[androidx.window:window:1.0.0-beta04] AndroidManifest.xml:25:9-27:40
77            android:name="androidx.window.extensions"
77-->[androidx.window:window:1.0.0-beta04] AndroidManifest.xml:26:13-54
78            android:required="false" />
78-->[androidx.window:window:1.0.0-beta04] AndroidManifest.xml:27:13-37
79        <uses-library
79-->[androidx.window:window:1.0.0-beta04] AndroidManifest.xml:28:9-30:40
80            android:name="androidx.window.sidecar"
80-->[androidx.window:window:1.0.0-beta04] AndroidManifest.xml:29:13-51
81            android:required="false" />
81-->[androidx.window:window:1.0.0-beta04] AndroidManifest.xml:30:13-37
82
83        <provider
83-->[com.squareup.picasso:picasso:2.71828] AndroidManifest.xml:8:9-11:40
84            android:name="com.squareup.picasso.PicassoProvider"
84-->[com.squareup.picasso:picasso:2.71828] AndroidManifest.xml:9:13-64
85            android:authorities="codehub.oral_fit.com.squareup.picasso"
85-->[com.squareup.picasso:picasso:2.71828] AndroidManifest.xml:10:13-72
86            android:exported="false" />
86-->[com.squareup.picasso:picasso:2.71828] AndroidManifest.xml:11:13-37
87
88        <activity
88-->[com.github.leyan95:android-zxingLibrary:0.1.2-PRE] AndroidManifest.xml:14:9-19:63
89            android:name="com.uuzuche.lib_zxing.activity.CaptureActivity"
89-->[com.github.leyan95:android-zxingLibrary:0.1.2-PRE] AndroidManifest.xml:15:13-74
90            android:configChanges="orientation|keyboardHidden"
90-->[com.github.leyan95:android-zxingLibrary:0.1.2-PRE] AndroidManifest.xml:16:13-63
91            android:screenOrientation="portrait"
91-->[com.github.leyan95:android-zxingLibrary:0.1.2-PRE] AndroidManifest.xml:17:13-49
92            android:theme="@style/Theme.AppCompat.NoActionBar"
92-->[com.github.leyan95:android-zxingLibrary:0.1.2-PRE] AndroidManifest.xml:18:13-63
93            android:windowSoftInputMode="stateAlwaysHidden" />
93-->[com.github.leyan95:android-zxingLibrary:0.1.2-PRE] AndroidManifest.xml:19:13-60
94    </application>
95
96</manifest>